<?xml version="1.0" encoding="UTF-8"?>
<!-- Generated by org.testng.reporters.JUnitReportReporter -->
<testsuite hostname="DESKTOP-47P2MTB" failures="0" tests="3" name="test.SwagLabs6CheckoutOverviewpage" time="14.370" errors="0" timestamp="2023-04-08T19:03:25 IST" skipped="0">
  <testcase classname="test.SwagLabs6CheckoutOverviewpage" name="openCheckoutOverview_PurchaseInformation_Checked" time="4.955"/>
  <system-out/>
  <testcase classname="test.SwagLabs6CheckoutOverviewpage" name="openCheckoutOverview_FinishButton_RedirectedToCheckoutComplete" time="4.630"/>
  <system-out/>
  <testcase classname="test.SwagLabs6CheckoutOverviewpage" name="openCheckoutOverview_CancelButton_RedirectedToProductpage" time="4.785"/>
  <system-out/>
</testsuite> <!-- test.SwagLabs6CheckoutOverviewpage -->
