<?xml version="1.0" encoding="UTF-8"?>
<!-- Generated by org.testng.reporters.JUnitReportReporter -->
<testsuite hostname="DESKTOP-47P2MTB" failures="0" tests="1" name="test.SwagLabs2HomepageTest" time="6.239" errors="0" timestamp="2023-03-07T21:02:57 IST" skipped="0">
  <testcase classname="test.SwagLabs2HomepageTest" name="verifyHomepageFooter_Text_Checked" time="6.239"/>
  <system-out/>
</testsuite> <!-- test.SwagLabs2HomepageTest -->
