<?xml version="1.0" encoding="UTF-8"?>
<!-- Generated by org.testng.reporters.JUnitReportReporter -->
<testsuite hostname="DESKTOP-47P2MTB" failures="0" tests="2" name="test.SwagLabs7CheckoutCompletepage" time="10.147" errors="0" timestamp="2023-04-08T19:03:25 IST" skipped="0">
  <testcase classname="test.SwagLabs7CheckoutCompletepage" name="openCheckoutComplete_GreetInformation_Displyed" time="4.923"/>
  <system-out/>
  <testcase classname="test.SwagLabs7CheckoutCompletepage" name="openCheckoutComplete_BackToHomeButton_RedirectedToProductpage" time="5.224"/>
  <system-out/>
</testsuite> <!-- test.SwagLabs7CheckoutCompletepage -->
