<?xml version="1.0" encoding="UTF-8"?>
<!-- Generated by org.testng.reporters.JUnitReportReporter -->
<testsuite hostname="DESKTOP-47P2MTB" failures="0" tests="4" name="test.SwagLabs4CartPageTest" time="22.851" errors="0" timestamp="2023-09-28T13:13:49 IST" skipped="0">
  <testcase classname="test.SwagLabs4CartPageTest" name="clickCart_AddedProducts_ShowedDetails" time="5.392"/>
  <testcase classname="test.SwagLabs4CartPageTest" name="clickCart_AddedProducts_Removed" time="8.933"/>
  <testcase classname="test.SwagLabs4CartPageTest" name="clickCart_ContinueShoppingButton_RedirectedToHomepage" time="4.633"/>
  <testcase classname="test.SwagLabs4CartPageTest" name="clickCart_CheckoutButton_OpenedCheckoutpage" time="3.893"/>
</testsuite> <!-- test.SwagLabs4CartPageTest -->
