<?xml version="1.0" encoding="UTF-8"?>
<!-- Generated by org.testng.reporters.JUnitReportReporter -->
<testsuite hostname="DESKTOP-47P2MTB" failures="0" tests="2" name="test.SwagLabs7CheckoutCompletepage" time="13.644" errors="0" timestamp="2023-03-23T20:09:25 IST" skipped="0">
  <testcase classname="test.SwagLabs7CheckoutCompletepage" name="openCheckoutComplete_GreetInformation_Displyed" time="5.408"/>
  <system-out/>
  <testcase classname="test.SwagLabs7CheckoutCompletepage" name="openCheckoutComplete_BackToHomeButton_RedirectedToProductpage" time="8.236"/>
  <system-out/>
</testsuite> <!-- test.SwagLabs7CheckoutCompletepage -->
