<?xml version="1.0" encoding="UTF-8"?>
<!-- Generated by org.testng.reporters.JUnitReportReporter -->
<testsuite hostname="DESKTOP-47P2MTB" failures="0" tests="8" name="test.SwagLabs3ProductpageTest" time="42.703" errors="0" timestamp="2023-04-08T19:03:25 IST" skipped="0">
  <testcase classname="test.SwagLabs3ProductpageTest" name="clickProduct_ProductImg_OpenedProductpage" time="4.160"/>
  <system-out/>
  <testcase classname="test.SwagLabs3ProductpageTest" name="clickProduct_ProductBanner_OpenedProductpage" time="5.061"/>
  <system-out/>
  <testcase classname="test.SwagLabs3ProductpageTest" name="clickProduct_ProductBanner$Description$Price_Checked" time="5.216"/>
  <system-out/>
  <testcase classname="test.SwagLabs3ProductpageTest" name="clickProduct_AddProductButton_AddedToCart" time="4.549"/>
  <system-out/>
  <testcase classname="test.SwagLabs3ProductpageTest" name="clickProduct_RemoveProductButton_RemovedFromCart" time="10.883"/>
  <system-out/>
  <testcase classname="test.SwagLabs3ProductpageTest" name="clickProduct_ProductAddOrRemoveButton_Clickable" time="4.006"/>
  <system-out/>
  <testcase classname="test.SwagLabs3ProductpageTest" name="clickProduct_BackToProductsButton_GoneToHomepage" time="4.294"/>
  <system-out/>
  <testcase classname="test.SwagLabs3ProductpageTest" name="clickCart_Clickable_OpenedCart" time="4.534"/>
  <system-out/>
</testsuite> <!-- test.SwagLabs3ProductpageTest -->
