<?xml version="1.0" encoding="UTF-8"?>
<!-- Generated by org.testng.reporters.JUnitReportReporter -->
<testsuite hostname="DESKTOP-47P2MTB" failures="0" tests="7" name="test.SwagLabs3ProductpageTest" time="29.659" errors="0" timestamp="2023-03-09T22:27:00 IST" skipped="0">
  <testcase classname="test.SwagLabs3ProductpageTest" name="clickProduct_ProductAddOrRemoveButton_Clickable" time="3.303"/>
  <system-out/>
  <testcase classname="test.SwagLabs3ProductpageTest" name="clickProduct_BackToProductsButton_GoneToHomepage" time="3.465"/>
  <system-out/>
  <testcase classname="test.SwagLabs3ProductpageTest" name="clickProduct_ProductBanner_OpenedProductpage" time="3.182"/>
  <system-out/>
  <testcase classname="test.SwagLabs3ProductpageTest" name="clickProduct_ProductImg_OpenedProductpage" time="4.223"/>
  <system-out/>
  <testcase classname="test.SwagLabs3ProductpageTest" name="clickProduct_RemoveProductButton_RemovedFromCart" time="4.532"/>
  <system-out/>
  <testcase classname="test.SwagLabs3ProductpageTest" name="clickProduct_ProductBanner$Description$Price_Checked" time="4.213"/>
  <system-out/>
  <testcase classname="test.SwagLabs3ProductpageTest" name="clickProduct_AddProductButton_AddedToCart" time="6.741"/>
  <system-out/>
</testsuite> <!-- test.SwagLabs3ProductpageTest -->
