<?xml version="1.0" encoding="UTF-8"?>
<!-- Generated by org.testng.reporters.JUnitReportReporter -->
<testsuite hostname="DESKTOP-47P2MTB" failures="0" tests="1" name="test.SwagLabs3ProductpageTest" time="6.965" errors="0" timestamp="2023-03-09T21:32:00 IST" skipped="0">
  <testcase classname="test.SwagLabs3ProductpageTest" name="clickProduct_AddProductButton_AddedToCart" time="6.965"/>
  <system-out/>
</testsuite> <!-- test.SwagLabs3ProductpageTest -->
