<?xml version="1.0" encoding="UTF-8"?>
<!-- Generated by org.testng.reporters.JUnitReportReporter -->
<testsuite hostname="DESKTOP-47P2MTB" failures="0" tests="1" name="test.SwagLabs2HomepageTest" time="7.166" errors="0" timestamp="2023-03-05T22:25:43 IST" skipped="0">
  <testcase classname="test.SwagLabs2HomepageTest" name="clickSortAfter_PreviousSortedResults_GotSortedAgain" time="7.166"/>
  <system-out/>
</testsuite> <!-- test.SwagLabs2HomepageTest -->
