<?xml version="1.0" encoding="UTF-8"?>
<!-- Generated by org.testng.reporters.JUnitReportReporter -->
<testsuite hostname="DESKTOP-47P2MTB" failures="0" tests="4" name="test.SwagLabs4CartpageTest" time="24.381" errors="0" timestamp="2023-04-08T19:03:25 IST" skipped="0">
  <testcase classname="test.SwagLabs4CartpageTest" name="clickCart_AddedProducts_ShowedDetails" time="5.578"/>
  <system-out/>
  <testcase classname="test.SwagLabs4CartpageTest" name="clickCart_AddedProducts_Removed" time="9.834"/>
  <system-out/>
  <testcase classname="test.SwagLabs4CartpageTest" name="clickCart_ContinueShoppingButton_RedirectedToHomepage" time="4.402"/>
  <system-out/>
  <testcase classname="test.SwagLabs4CartpageTest" name="clickCart_CheckoutButton_OpenedCheckoutpage" time="4.567"/>
  <system-out/>
</testsuite> <!-- test.SwagLabs4CartpageTest -->
