<?xml version="1.0" encoding="UTF-8"?>
<!-- Generated by org.testng.reporters.JUnitReportReporter -->
<testsuite hostname="DESKTOP-47P2MTB" failures="0" tests="1" name="test.SwagLabs5CheckoutpageTest" time="6.813" errors="0" timestamp="2023-03-16T19:29:39 IST" skipped="0">
  <testcase classname="test.SwagLabs5CheckoutpageTest" name="clickCheckout_CancelButton_RedirectedToCartpage" time="6.813"/>
  <system-out/>
</testsuite> <!-- test.SwagLabs5CheckoutpageTest -->
