<?xml version="1.0" encoding="UTF-8"?>
<!-- Generated by org.testng.reporters.JUnitReportReporter -->
<testsuite hostname="DESKTOP-47P2MTB" failures="0" tests="3" name="test.SwagLabs6CheckoutOverviewpage" time="24.382" errors="0" timestamp="2023-03-23T19:24:58 IST" skipped="0">
  <testcase classname="test.SwagLabs6CheckoutOverviewpage" name="openCheckoutOverview_PurchaseInformation_Checked" time="5.461"/>
  <system-out/>
  <testcase classname="test.SwagLabs6CheckoutOverviewpage" name="openCheckoutOverview_FinishButton_RedirectedToCheckoutComplete" time="12.490"/>
  <system-out/>
  <testcase classname="test.SwagLabs6CheckoutOverviewpage" name="openCheckoutOverview_CancelButton_RedirectedToProductpage" time="6.431"/>
  <system-out/>
</testsuite> <!-- test.SwagLabs6CheckoutOverviewpage -->
