<?xml version="1.0" encoding="UTF-8"?>
<!-- Generated by org.testng.reporters.JUnitReportReporter -->
<testsuite hostname="DESKTOP-47P2MTB" failures="0" tests="1" name="test.SwagLabs2HomepageTest" time="7.259" errors="0" timestamp="2023-03-05T20:12:10 IST" skipped="0">
  <testcase classname="test.SwagLabs2HomepageTest" name="clickSort_ProductsBefore_PredefinedNumber" time="7.259"/>
  <system-out/>
</testsuite> <!-- test.SwagLabs2HomepageTest -->
