<?xml version="1.0" encoding="UTF-8"?>
<!-- Generated by org.testng.reporters.JUnitReportReporter -->
<testsuite hostname="DESKTOP-47P2MTB" failures="0" tests="2" name="test.SwagLabs7CheckoutCompletepageTest" time="10.568" errors="0" timestamp="2023-09-28T13:13:49 IST" skipped="0">
  <testcase classname="test.SwagLabs7CheckoutCompletepageTest" name="openCheckoutComplete_GreetInformation_Displyed" time="4.853"/>
  <testcase classname="test.SwagLabs7CheckoutCompletepageTest" name="openCheckoutComplete_BackToHomeButton_RedirectedToProductpage" time="5.715"/>
</testsuite> <!-- test.SwagLabs7CheckoutCompletepageTest -->
