<?xml version="1.0" encoding="UTF-8"?>
<!-- Generated by org.testng.reporters.JUnitReportReporter -->
<testsuite hostname="DESKTOP-47P2MTB" failures="0" tests="1" name="test.SwagLabs2HomepageTest" time="9.092" errors="0" timestamp="2023-03-07T15:28:13 IST" skipped="0">
  <testcase classname="test.SwagLabs2HomepageTest" name="clickLinkedTab_SocialSite_OpenedLinkedPage" time="9.092"/>
  <system-out/>
</testsuite> <!-- test.SwagLabs2HomepageTest -->
