<?xml version="1.0" encoding="UTF-8"?>
<!-- Generated by org.testng.reporters.JUnitReportReporter -->
<testsuite hostname="DESKTOP-47P2MTB" failures="0" tests="1" name="test.SwagLabs2HomepageTest" time="6.385" errors="0" timestamp="2023-03-06T19:31:01 IST" skipped="0">
  <testcase classname="test.SwagLabs2HomepageTest" name="clickOpenMenu_CloseMenuButton_ClosedAllOptions" time="6.385"/>
  <system-out/>
</testsuite> <!-- test.SwagLabs2HomepageTest -->
