<?xml version="1.0" encoding="UTF-8"?>
<!-- Generated by org.testng.reporters.JUnitReportReporter -->
<testsuite hostname="DESKTOP-47P2MTB" failures="0" tests="3" name="test.SwagLabs6CheckoutOverviewPageTest" time="18.718" errors="0" timestamp="2023-09-28T13:13:49 IST" skipped="0">
  <testcase classname="test.SwagLabs6CheckoutOverviewPageTest" name="openCheckoutOverview_PurchaseInformation_Checked" time="5.933"/>
  <testcase classname="test.SwagLabs6CheckoutOverviewPageTest" name="openCheckoutOverview_FinishButton_RedirectedToCheckoutComplete" time="4.630"/>
  <testcase classname="test.SwagLabs6CheckoutOverviewPageTest" name="openCheckoutOverview_CancelButton_RedirectedToProductpage" time="8.155"/>
</testsuite> <!-- test.SwagLabs6CheckoutOverviewPageTest -->
