<?xml version="1.0" encoding="UTF-8"?>
<!-- Generated by org.testng.reporters.JUnitReportReporter -->
<testsuite hostname="DESKTOP-47P2MTB" failures="0" tests="1" name="test.SwagLabs4CartpageTest" time="5.876" errors="0" timestamp="2023-03-10T15:17:35 IST" skipped="0">
  <testcase classname="test.SwagLabs4CartpageTest" name="clickCart_ContinueShoppingButton_RedirectedToHomepage" time="5.876"/>
  <system-out/>
</testsuite> <!-- test.SwagLabs4CartpageTest -->
