<?xml version="1.0" encoding="UTF-8"?>
<!-- Generated by org.testng.reporters.JUnitReportReporter -->
<testsuite hostname="DESKTOP-47P2MTB" failures="0" tests="8" name="test.SwagLabs3ProductPageTest" time="40.681" errors="0" timestamp="2023-09-28T13:13:49 IST" skipped="0">
  <testcase classname="test.SwagLabs3ProductPageTest" name="clickProduct_ProductImg_OpenedProductpage" time="3.588"/>
  <testcase classname="test.SwagLabs3ProductPageTest" name="clickProduct_ProductBanner_OpenedProductpage" time="4.830"/>
  <testcase classname="test.SwagLabs3ProductPageTest" name="clickProduct_ProductBanner$Description$Price_Checked" time="4.486"/>
  <testcase classname="test.SwagLabs3ProductPageTest" name="clickProduct_AddProductButton_AddedToCart" time="3.929"/>
  <testcase classname="test.SwagLabs3ProductPageTest" name="clickProduct_RemoveProductButton_RemovedFromCart" time="10.837"/>
  <testcase classname="test.SwagLabs3ProductPageTest" name="clickProduct_ProductAddOrRemoveButton_Clickable" time="4.164"/>
  <testcase classname="test.SwagLabs3ProductPageTest" name="clickProduct_BackToProductsButton_GoneToHomepage" time="4.692"/>
  <testcase classname="test.SwagLabs3ProductPageTest" name="clickCart_Clickable_OpenedCart" time="4.155"/>
</testsuite> <!-- test.SwagLabs3ProductPageTest -->
