<?xml version="1.0" encoding="UTF-8"?>
<!-- Generated by org.testng.reporters.JUnitReportReporter -->
<testsuite hostname="DESKTOP-47P2MTB" failures="0" tests="1" name="test.SwagLabs4CartpageTest" time="10.713" errors="0" timestamp="2023-03-10T17:22:06 IST" skipped="0">
  <testcase classname="test.SwagLabs4CartpageTest" name="clickCart_CheckoutButton_OpenedCheckoutpage" time="10.713"/>
  <system-out/>
</testsuite> <!-- test.SwagLabs4CartpageTest -->
